<?xml version="1.0" encoding="UTF-8"?>
<testsuites name="Amazon_login_TestListener" time="45.266" tests="1" failures="0" errors="0">
   <testsuite name="Amazon_login_TestListener" tests="1" failures="0" errors="0" time="45.266" skipped="0" timestamp="08-02-2024T15:38:48" hostname="dilna - LAPTOP-TOP92MPD" id="Test Suites/Amazon_login_TestListener">
      <properties>
         <property name="deviceName" value=""/>
         <property name="devicePlatform" value=""/>
         <property name="logFolder" value="C:\\Users\\dilna\\git\\Katalon-Software-Automation-Testing\\Reports\\20240208_153845\\Amazon_login_TestListener\\20240208_153845"/>
         <property name="logFiles" value="C:\\Users\\dilna\\git\\Katalon-Software-Automation-Testing\\Reports\\20240208_153845\\Amazon_login_TestListener\\20240208_153845\\execution0.log"/>
         <property name="attachments" value=""/>
         <property name="hostName" value="dilna - LAPTOP-TOP92MPD"/>
         <property name="os" value="Windows 11 64bit"/>
         <property name="katalonVersion" value="9.2.0.212"/>
         <property name="browser" value="Chrome 121.0.0.0"/>
         <property name="hostAddress" value="192.168.91.83"/>
         <property name="sessionId" value="0f607578475ee71eaa337fe951f4e364"/>
         <property name="seleniumVersion" value="3.141.59"/>
         <property name="proxyInformation" value="ProxyInformation { proxyOption=NO_PROXY, proxyServerType=HTTP, username=, password=********, proxyServerAddress=, proxyServerPort=0, executionList=&quot;&quot;, isApplyToDesiredCapabilities=true }"/>
         <property name="platform" value="Windows 11"/>
      </properties>
      <testcase name="Test Cases/Amazon/TC_Amazon_Home_Login-001" time="44.967" classname="Test Cases/Amazon/TC_Amazon_Home_Login-001" status="PASSED">
         <system-out><![CDATA[08-02-2024T15:38:49 - [TEST_CASE][PASSED] - Test Cases/Amazon/TC_Amazon_Home_Login-001: Test Cases/Amazon/TC_Amazon_Home_Login-001

08-02-2024T15:38:49 - [TEST_STEP][PASSED] - Start listener action : sampleBeforeTestCase: Navigate to 'https://www.amazon.in/' successfully

08-02-2024T15:38:49 - [TEST_STEP][PASSED] - openBrowser(""): Browser is opened with url: ''

08-02-2024T15:38:49 - [MESSAGE][INFO] - Starting 'Chrome' driver

08-02-2024T15:38:49 - [MESSAGE][INFO] - Action delay is set to 0 milliseconds

08-02-2024T15:38:50 - [MESSAGE][PASSED] - Browser is opened with url: ''

08-02-2024T15:38:50 - [TEST_STEP][PASSED] - navigateToUrl("https://www.amazon.in/"): Navigate to 'https://www.amazon.in/' successfully

08-02-2024T15:38:54 - [MESSAGE][PASSED] - Navigate to 'https://www.amazon.in/' successfully

08-02-2024T15:38:54 - [TEST_STEP][PASSED] - openBrowser(""): Browser is opened with url: ''

08-02-2024T15:38:54 - [MESSAGE][WARNING] - A browser is already opened. Closing browser and opening a new one

08-02-2024T15:38:54 - [MESSAGE][INFO] - Starting 'Chrome' driver

08-02-2024T15:38:54 - [MESSAGE][INFO] - Action delay is set to 0 milliseconds

08-02-2024T15:38:55 - [MESSAGE][PASSED] - Browser is opened with url: ''

08-02-2024T15:38:55 - [TEST_STEP][PASSED] - navigateToUrl("https://www.amazon.in/"): Navigate to 'https://www.amazon.in/' successfully

08-02-2024T15:38:56 - [MESSAGE][PASSED] - Navigate to 'https://www.amazon.in/' successfully

08-02-2024T15:38:56 - [TEST_STEP][PASSED] - click(findTestObject("Object Repository/Amazon_OR/Page_Online Shopping site in India Shop Onl_10c5f3/span_Hello, sign in")): Object: 'Object Repository/Amazon_OR/Page_Online Shopping site in India Shop Onl_10c5f3/span_Hello, sign in' is clicked on

08-02-2024T15:39:24 - [MESSAGE][PASSED] - Object: 'Object Repository/Amazon_OR/Page_Online Shopping site in India Shop Onl_10c5f3/span_Hello, sign in' is clicked on

08-02-2024T15:39:24 - [TEST_STEP][PASSED] - setText(findTestObject("Object Repository/Amazon_OR/Page_Amazon Sign In/input_email"), username): Text '8240029491' is set on object 'Object Repository/Amazon_OR/Page_Amazon Sign In/input_email'

08-02-2024T15:39:27 - [MESSAGE][PASSED] - Text '8240029491' is set on object 'Object Repository/Amazon_OR/Page_Amazon Sign In/input_email'

08-02-2024T15:39:27 - [TEST_STEP][PASSED] - click(findTestObject("Amazon_OR/Page_Amazon Sign In/input_email")): Object: 'Object Repository/Amazon_OR/Page_Amazon Sign In/input_email' is clicked on

08-02-2024T15:39:27 - [MESSAGE][PASSED] - Object: 'Object Repository/Amazon_OR/Page_Amazon Sign In/input_email' is clicked on

08-02-2024T15:39:27 - [TEST_STEP][PASSED] - setText(findTestObject("Object Repository/Amazon_OR/Page_Amazon Sign In/input_password"), Password): Text 'SaifKhan@12' is set on object 'Object Repository/Amazon_OR/Page_Amazon Sign In/input_password'

08-02-2024T15:39:33 - [MESSAGE][PASSED] - Text 'SaifKhan@12' is set on object 'Object Repository/Amazon_OR/Page_Amazon Sign In/input_password'

08-02-2024T15:39:33 - [TEST_STEP][PASSED] - click(findTestObject("Object Repository/Amazon_OR/Page_Amazon Sign In/inputsignInSubmit")): Object: 'Object Repository/Amazon_OR/Page_Amazon Sign In/inputsignInSubmit' is clicked on

08-02-2024T15:39:33 - [MESSAGE][PASSED] - Object: 'Object Repository/Amazon_OR/Page_Amazon Sign In/inputsignInSubmit' is clicked on

08-02-2024T15:39:33 - [TEST_STEP][PASSED] - closeBrowser(): Browser is closed

08-02-2024T15:39:34 - [MESSAGE][PASSED] - Browser is closed

08-02-2024T15:39:34 - [TEST_STEP][PASSED] - Start listener action : sampleAfterTestCase: Browser is closed

08-02-2024T15:39:34 - [TEST_STEP][PASSED] - closeBrowser(): Browser is closed

08-02-2024T15:39:34 - [MESSAGE][PASSED] - Browser is closed]]></system-out>
         <system-err><![CDATA[]]></system-err>
      </testcase>
      <system-out><![CDATA[08-02-2024T15:38:48 - [TEST_SUITE][PASSED] - Amazon_login_TestListener: Test Cases/Amazon/TC_Amazon_Home_Login-001]]></system-out>
      <system-err><![CDATA[]]></system-err>
   </testsuite>
</testsuites>
