<?xml version="1.0" encoding="UTF-8"?>
<testsuites name="Amazon_TestSuite_CustomerCare" time="143.535" tests="1" failures="0" errors="0">
   <testsuite name="Amazon_TestSuite_CustomerCare" tests="1" failures="0" errors="0" time="143.535" skipped="0" timestamp="11-02-2024T14:16:02" hostname="dilna - LAPTOP-TOP92MPD" id="Test Suites/Amazon_TestSuite_CustomerCare/Amazon_TestSuite_CustomerCare">
      <properties>
         <property name="deviceName" value=""/>
         <property name="devicePlatform" value=""/>
         <property name="logFolder" value="C:\\Users\\dilna\\git\\Katalon-Software-Automation-Testing\\Reports\\20240211_141554\\Amazon_TestSuite_CustomerCare\\Amazon_TestSuite_CustomerCare\\20240211_141554"/>
         <property name="logFiles" value="C:\\Users\\dilna\\git\\Katalon-Software-Automation-Testing\\Reports\\20240211_141554\\Amazon_TestSuite_CustomerCare\\Amazon_TestSuite_CustomerCare\\20240211_141554\\execution0.log"/>
         <property name="attachments" value=""/>
         <property name="hostName" value="dilna - LAPTOP-TOP92MPD"/>
         <property name="os" value="Windows 11 64bit"/>
         <property name="katalonVersion" value="9.2.0.212"/>
         <property name="browser" value="Chrome 121.0.0.0"/>
         <property name="hostAddress" value="192.168.36.83"/>
         <property name="sessionId" value="46fe0ea88ea42550a0d4a9051ab31ef2"/>
         <property name="seleniumVersion" value="3.141.59"/>
         <property name="proxyInformation" value="ProxyInformation { proxyOption=NO_PROXY, proxyServerType=HTTP, username=, password=********, proxyServerAddress=, proxyServerPort=0, executionList=&quot;&quot;, isApplyToDesiredCapabilities=true }"/>
         <property name="platform" value="Windows 11"/>
      </properties>
      <testcase name="Test Cases/Amazon/TC_Amazon_Home_CustomerCare-004" time="143.209" classname="Test Cases/Amazon/TC_Amazon_Home_CustomerCare-004" status="PASSED">
         <system-out><![CDATA[11-02-2024T14:16:03 - [TEST_CASE][PASSED] - Test Cases/Amazon/TC_Amazon_Home_CustomerCare-004: Test Cases/Amazon/TC_Amazon_Home_CustomerCare-004

11-02-2024T14:16:03 - [TEST_STEP][PASSED] - Start listener action : sampleBeforeTestCase: Navigate to 'https://www.amazon.in/' successfully

11-02-2024T14:16:03 - [TEST_STEP][PASSED] - openBrowser(""): Browser is opened with url: ''

11-02-2024T14:16:03 - [MESSAGE][INFO] - Starting 'Chrome' driver

11-02-2024T14:16:03 - [MESSAGE][INFO] - Action delay is set to 0 milliseconds

11-02-2024T14:16:05 - [MESSAGE][PASSED] - Browser is opened with url: ''

11-02-2024T14:16:05 - [TEST_STEP][PASSED] - navigateToUrl("https://www.amazon.in/"): Navigate to 'https://www.amazon.in/' successfully

11-02-2024T14:16:06 - [MESSAGE][PASSED] - Navigate to 'https://www.amazon.in/' successfully

11-02-2024T14:16:06 - [TEST_STEP][PASSED] - openBrowser(""): Browser is opened with url: ''

11-02-2024T14:16:06 - [MESSAGE][WARNING] - A browser is already opened. Closing browser and opening a new one

11-02-2024T14:16:07 - [MESSAGE][INFO] - Starting 'Chrome' driver

11-02-2024T14:16:07 - [MESSAGE][INFO] - Action delay is set to 0 milliseconds

11-02-2024T14:16:08 - [MESSAGE][PASSED] - Browser is opened with url: ''

11-02-2024T14:16:08 - [TEST_STEP][PASSED] - navigateToUrl("https://www.amazon.in/"): Navigate to 'https://www.amazon.in/' successfully

11-02-2024T14:16:09 - [MESSAGE][PASSED] - Navigate to 'https://www.amazon.in/' successfully

11-02-2024T14:16:09 - [TEST_STEP][PASSED] - click(findTestObject("Object Repository/Page_Online Shopping site in India Shop Onl_10c5f3/span_Hello, sign in")): Object: 'Object Repository/Page_Online Shopping site in India Shop Onl_10c5f3/span_Hello, sign in' is clicked on

11-02-2024T14:16:40 - [MESSAGE][INFO] - Unable to find the element located by 'By.xpath: '. Please recheck the objects properties to make sure the desired element is located. 

11-02-2024T14:16:40 - [MESSAGE][WARNING] - [SELF-HEALING] Failed to find element with id 'Object Repository/Page_Online Shopping site in India Shop Onl_10c5f3/span_Hello, sign in'. Try using Self-healing.

11-02-2024T14:16:41 - [MESSAGE][WARNING] - [SELF-HEALING] The current locator of test object 'Object Repository/Page_Online Shopping site in India Shop Onl_10c5f3/span_Hello, sign in' was broken. Propose an alternative one: '//span[@id='nav-link-accountList-nav-line-1']'.

11-02-2024T14:16:41 - [MESSAGE][PASSED] - Object: 'Object Repository/Page_Online Shopping site in India Shop Onl_10c5f3/span_Hello, sign in' is clicked on

11-02-2024T14:16:41 - [TEST_STEP][PASSED] - setText(findTestObject("Object Repository/Page_Amazon Sign In/input_email"), "8240029491"): Text '8240029491' is set on object 'Object Repository/Page_Amazon Sign In/input_email'

11-02-2024T14:17:13 - [MESSAGE][INFO] - Unable to find the element located by 'By.xpath: '. Please recheck the objects properties to make sure the desired element is located. 

11-02-2024T14:17:13 - [MESSAGE][WARNING] - [SELF-HEALING] Failed to find element with id 'Object Repository/Page_Amazon Sign In/input_email'. Try using Self-healing.

11-02-2024T14:17:13 - [MESSAGE][WARNING] - [SELF-HEALING] The current locator of test object 'Object Repository/Page_Amazon Sign In/input_email' was broken. Propose an alternative one: '//input[@id='ap_email']'.

11-02-2024T14:17:44 - [MESSAGE][INFO] - Unable to find the element located by 'By.xpath: '. Please recheck the objects properties to make sure the desired element is located. 

11-02-2024T14:17:44 - [MESSAGE][WARNING] - [SELF-HEALING] Failed to find element with id 'Object Repository/Page_Amazon Sign In/input_email'. Try using Self-healing.

11-02-2024T14:17:44 - [MESSAGE][WARNING] - [SELF-HEALING] The current locator of test object 'Object Repository/Page_Amazon Sign In/input_email' was broken. Propose an alternative one: '//input[@id='ap_email']'.

11-02-2024T14:17:44 - [MESSAGE][PASSED] - Text '8240029491' is set on object 'Object Repository/Page_Amazon Sign In/input_email'

11-02-2024T14:17:44 - [TEST_STEP][PASSED] - click(findTestObject("Object Repository/Page_Amazon Sign In/inputcontinue")): Object: 'Object Repository/Page_Amazon Sign In/inputcontinue' is clicked on

11-02-2024T14:17:45 - [MESSAGE][PASSED] - Object: 'Object Repository/Page_Amazon Sign In/inputcontinue' is clicked on

11-02-2024T14:17:45 - [TEST_STEP][PASSED] - setEncryptedText(findTestObject("Object Repository/Page_Amazon Sign In/input_password"), "5/jcUxQCiK4EYWKojWkF+g=="): Text ****** has been set on object 'Object Repository/Page_Amazon Sign In/input_password'

11-02-2024T14:18:17 - [MESSAGE][INFO] - Unable to find the element located by 'By.xpath: '. Please recheck the objects properties to make sure the desired element is located. 

11-02-2024T14:18:17 - [MESSAGE][WARNING] - [SELF-HEALING] Failed to find element with id 'Object Repository/Page_Amazon Sign In/input_password'. Try using Self-healing.

11-02-2024T14:18:17 - [MESSAGE][WARNING] - [SELF-HEALING] The current locator of test object 'Object Repository/Page_Amazon Sign In/input_password' was broken. Propose an alternative one: '//input[@id='ap_password']'.

11-02-2024T14:18:17 - [MESSAGE][PASSED] - Text ****** has been set on object 'Object Repository/Page_Amazon Sign In/input_password'

11-02-2024T14:18:17 - [TEST_STEP][PASSED] - click(findTestObject("Object Repository/Page_Amazon Sign In/inputsignInSubmit")): Object: 'Object Repository/Page_Amazon Sign In/inputsignInSubmit' is clicked on

11-02-2024T14:18:17 - [MESSAGE][PASSED] - Object: 'Object Repository/Page_Amazon Sign In/inputsignInSubmit' is clicked on

11-02-2024T14:18:17 - [TEST_STEP][PASSED] - click(findTestObject("Object Repository/Page_Online Shopping site in India Shop Onl_10c5f3/span_Hello, Md")): Object: 'Object Repository/Page_Online Shopping site in India Shop Onl_10c5f3/span_Hello, Md' is clicked on

11-02-2024T14:18:23 - [MESSAGE][PASSED] - Object: 'Object Repository/Page_Online Shopping site in India Shop Onl_10c5f3/span_Hello, Md' is clicked on

11-02-2024T14:18:23 - [TEST_STEP][PASSED] - click(findTestObject("Object Repository/Page_Your Account/h2_Contact Us")): Object: 'Object Repository/Page_Your Account/h2_Contact Us' is clicked on

11-02-2024T14:18:25 - [MESSAGE][PASSED] - Object: 'Object Repository/Page_Your Account/h2_Contact Us' is clicked on

11-02-2024T14:18:25 - [TEST_STEP][PASSED] - click(findTestObject("Object Repository/Page_Amazon.in - Contact Us/span_Our messaging assistant can quickly so_4de02c")): Object: 'Object Repository/Page_Amazon.in - Contact Us/span_Our messaging assistant can quickly so_4de02c' is clicked on

11-02-2024T14:18:26 - [MESSAGE][PASSED] - Object: 'Object Repository/Page_Amazon.in - Contact Us/span_Our messaging assistant can quickly so_4de02c' is clicked on

11-02-2024T14:18:26 - [TEST_STEP][PASSED] - closeBrowser(): Browser is closed

11-02-2024T14:18:26 - [MESSAGE][PASSED] - Browser is closed

11-02-2024T14:18:26 - [TEST_STEP][PASSED] - Start listener action : sampleAfterTestCase: Browser is closed

11-02-2024T14:18:26 - [TEST_STEP][PASSED] - closeBrowser(): Browser is closed

11-02-2024T14:18:26 - [MESSAGE][PASSED] - Browser is closed]]></system-out>
         <system-err><![CDATA[]]></system-err>
      </testcase>
      <system-out><![CDATA[11-02-2024T14:16:02 - [TEST_SUITE][PASSED] - Amazon_TestSuite_CustomerCare: Test Cases/Amazon/TC_Amazon_Home_CustomerCare-004]]></system-out>
      <system-err><![CDATA[]]></system-err>
   </testsuite>
</testsuites>
