<?xml version="1.0" encoding="UTF-8"?>
<testsuites name="Amazon_TestSuite_Order" time="142.543" tests="1" failures="0" errors="0">
   <testsuite name="Amazon_TestSuite_Order" tests="1" failures="0" errors="0" time="142.543" skipped="0" timestamp="11-02-2024T15:24:25" hostname="dilna - LAPTOP-TOP92MPD" id="Test Suites/Amazon_TestSuite_Order/Amazon_TestSuite_Order">
      <properties>
         <property name="deviceName" value=""/>
         <property name="devicePlatform" value=""/>
         <property name="logFolder" value="C:\\Users\\dilna\\git\\Katalon-Software-Automation-Testing\\Reports\\20240211_152420\\Amazon_TestSuite_Order\\Amazon_TestSuite_Order\\20240211_152420"/>
         <property name="logFiles" value="C:\\Users\\dilna\\git\\Katalon-Software-Automation-Testing\\Reports\\20240211_152420\\Amazon_TestSuite_Order\\Amazon_TestSuite_Order\\20240211_152420\\execution0.log"/>
         <property name="attachments" value=""/>
         <property name="hostName" value="dilna - LAPTOP-TOP92MPD"/>
         <property name="os" value="Windows 11 64bit"/>
         <property name="katalonVersion" value="9.2.0.212"/>
         <property name="browser" value="Chrome 121.0.0.0"/>
         <property name="hostAddress" value="192.168.36.83"/>
         <property name="sessionId" value="d9780f77ff44fe138c0e26434ca18896"/>
         <property name="seleniumVersion" value="3.141.59"/>
         <property name="proxyInformation" value="ProxyInformation { proxyOption=NO_PROXY, proxyServerType=HTTP, username=, password=********, proxyServerAddress=, proxyServerPort=0, executionList=&quot;&quot;, isApplyToDesiredCapabilities=true }"/>
         <property name="platform" value="Windows 11"/>
      </properties>
      <testcase name="Test Cases/Amazon/TC_Amazon_Home_Order-002" time="142.232" classname="Test Cases/Amazon/TC_Amazon_Home_Order-002" status="PASSED">
         <system-out><![CDATA[11-02-2024T15:24:25 - [TEST_CASE][PASSED] - Test Cases/Amazon/TC_Amazon_Home_Order-002: Test Cases/Amazon/TC_Amazon_Home_Order-002

11-02-2024T15:24:26 - [TEST_STEP][PASSED] - Start listener action : sampleBeforeTestCase: Navigate to 'https://www.amazon.in/' successfully

11-02-2024T15:24:26 - [TEST_STEP][PASSED] - openBrowser(""): Browser is opened with url: ''

11-02-2024T15:24:26 - [MESSAGE][INFO] - Starting 'Chrome' driver

11-02-2024T15:24:26 - [MESSAGE][INFO] - Action delay is set to 0 milliseconds

11-02-2024T15:24:28 - [MESSAGE][PASSED] - Browser is opened with url: ''

11-02-2024T15:24:28 - [TEST_STEP][PASSED] - navigateToUrl("https://www.amazon.in/"): Navigate to 'https://www.amazon.in/' successfully

11-02-2024T15:24:29 - [MESSAGE][PASSED] - Navigate to 'https://www.amazon.in/' successfully

11-02-2024T15:24:29 - [TEST_STEP][PASSED] - openBrowser(""): Browser is opened with url: ''

11-02-2024T15:24:29 - [MESSAGE][WARNING] - A browser is already opened. Closing browser and opening a new one

11-02-2024T15:24:30 - [MESSAGE][INFO] - Starting 'Chrome' driver

11-02-2024T15:24:30 - [MESSAGE][INFO] - Action delay is set to 0 milliseconds

11-02-2024T15:24:31 - [MESSAGE][PASSED] - Browser is opened with url: ''

11-02-2024T15:24:31 - [TEST_STEP][PASSED] - navigateToUrl("https://www.amazon.in/"): Navigate to 'https://www.amazon.in/' successfully

11-02-2024T15:24:32 - [MESSAGE][PASSED] - Navigate to 'https://www.amazon.in/' successfully

11-02-2024T15:24:32 - [TEST_STEP][PASSED] - click(findTestObject("Object Repository/Page_Online Shopping site in India Shop Onl_10c5f3/span_Hello, sign in")): Object: 'Object Repository/Page_Online Shopping site in India Shop Onl_10c5f3/span_Hello, sign in' is clicked on

11-02-2024T15:25:03 - [MESSAGE][INFO] - Unable to find the element located by 'By.xpath: '. Please recheck the objects properties to make sure the desired element is located. 

11-02-2024T15:25:03 - [MESSAGE][WARNING] - [SELF-HEALING] Failed to find element with id 'Object Repository/Page_Online Shopping site in India Shop Onl_10c5f3/span_Hello, sign in'. Try using Self-healing.

11-02-2024T15:25:04 - [MESSAGE][WARNING] - [SELF-HEALING] The current locator of test object 'Object Repository/Page_Online Shopping site in India Shop Onl_10c5f3/span_Hello, sign in' was broken. Propose an alternative one: '//span[@id='nav-link-accountList-nav-line-1']'.

11-02-2024T15:25:05 - [MESSAGE][PASSED] - Object: 'Object Repository/Page_Online Shopping site in India Shop Onl_10c5f3/span_Hello, sign in' is clicked on

11-02-2024T15:25:05 - [TEST_STEP][PASSED] - setText(findTestObject("Object Repository/Page_Amazon Sign In/input_email"), "8240029491"): Text '8240029491' is set on object 'Object Repository/Page_Amazon Sign In/input_email'

11-02-2024T15:25:36 - [MESSAGE][INFO] - Unable to find the element located by 'By.xpath: '. Please recheck the objects properties to make sure the desired element is located. 

11-02-2024T15:25:36 - [MESSAGE][WARNING] - [SELF-HEALING] Failed to find element with id 'Object Repository/Page_Amazon Sign In/input_email'. Try using Self-healing.

11-02-2024T15:25:36 - [MESSAGE][WARNING] - [SELF-HEALING] The current locator of test object 'Object Repository/Page_Amazon Sign In/input_email' was broken. Propose an alternative one: '//input[@id='ap_email']'.

11-02-2024T15:26:07 - [MESSAGE][INFO] - Unable to find the element located by 'By.xpath: '. Please recheck the objects properties to make sure the desired element is located. 

11-02-2024T15:26:07 - [MESSAGE][WARNING] - [SELF-HEALING] Failed to find element with id 'Object Repository/Page_Amazon Sign In/input_email'. Try using Self-healing.

11-02-2024T15:26:08 - [MESSAGE][WARNING] - [SELF-HEALING] The current locator of test object 'Object Repository/Page_Amazon Sign In/input_email' was broken. Propose an alternative one: '//input[@id='ap_email']'.

11-02-2024T15:26:08 - [MESSAGE][PASSED] - Text '8240029491' is set on object 'Object Repository/Page_Amazon Sign In/input_email'

11-02-2024T15:26:08 - [TEST_STEP][PASSED] - click(findTestObject("Object Repository/Page_Amazon Sign In/inputcontinue")): Object: 'Object Repository/Page_Amazon Sign In/inputcontinue' is clicked on

11-02-2024T15:26:09 - [MESSAGE][PASSED] - Object: 'Object Repository/Page_Amazon Sign In/inputcontinue' is clicked on

11-02-2024T15:26:09 - [TEST_STEP][PASSED] - setEncryptedText(findTestObject("Object Repository/Page_Amazon Sign In/input_password"), "5/jcUxQCiK4EYWKojWkF+g=="): Text ****** has been set on object 'Object Repository/Page_Amazon Sign In/input_password'

11-02-2024T15:26:40 - [MESSAGE][INFO] - Unable to find the element located by 'By.xpath: '. Please recheck the objects properties to make sure the desired element is located. 

11-02-2024T15:26:40 - [MESSAGE][WARNING] - [SELF-HEALING] Failed to find element with id 'Object Repository/Page_Amazon Sign In/input_password'. Try using Self-healing.

11-02-2024T15:26:40 - [MESSAGE][WARNING] - [SELF-HEALING] The current locator of test object 'Object Repository/Page_Amazon Sign In/input_password' was broken. Propose an alternative one: '//input[@id='ap_password']'.

11-02-2024T15:26:40 - [MESSAGE][PASSED] - Text ****** has been set on object 'Object Repository/Page_Amazon Sign In/input_password'

11-02-2024T15:26:40 - [TEST_STEP][PASSED] - click(findTestObject("Object Repository/Page_Amazon Sign In/inputsignInSubmit")): Object: 'Object Repository/Page_Amazon Sign In/inputsignInSubmit' is clicked on

11-02-2024T15:26:41 - [MESSAGE][PASSED] - Object: 'Object Repository/Page_Amazon Sign In/inputsignInSubmit' is clicked on

11-02-2024T15:26:41 - [TEST_STEP][PASSED] - click(findTestObject("Object Repository/Page_Online Shopping site in India Shop Onl_10c5f3/span_Orders")): Object: 'Object Repository/Page_Online Shopping site in India Shop Onl_10c5f3/span_Orders' is clicked on

11-02-2024T15:26:47 - [MESSAGE][PASSED] - Object: 'Object Repository/Page_Online Shopping site in India Shop Onl_10c5f3/span_Orders' is clicked on

11-02-2024T15:26:47 - [TEST_STEP][PASSED] - closeBrowser(): Browser is closed

11-02-2024T15:26:48 - [MESSAGE][PASSED] - Browser is closed

11-02-2024T15:26:48 - [TEST_STEP][PASSED] - Start listener action : sampleAfterTestCase: Browser is closed

11-02-2024T15:26:48 - [TEST_STEP][PASSED] - closeBrowser(): Browser is closed

11-02-2024T15:26:48 - [MESSAGE][PASSED] - Browser is closed]]></system-out>
         <system-err><![CDATA[]]></system-err>
      </testcase>
      <system-out><![CDATA[11-02-2024T15:24:25 - [TEST_SUITE][PASSED] - Amazon_TestSuite_Order: Test Cases/Amazon/TC_Amazon_Home_Order-002]]></system-out>
      <system-err><![CDATA[]]></system-err>
   </testsuite>
</testsuites>
