<?xml version="1.0" encoding="UTF-8"?>
<testsuites name="Amazon_TestSuite_Login" time="109.699" tests="1" failures="0" errors="0">
   <testsuite name="Amazon_TestSuite_Login" tests="1" failures="0" errors="0" time="109.699" skipped="0" timestamp="11-02-2024T14:06:32" hostname="dilna - LAPTOP-TOP92MPD" id="Test Suites/Amazon_TestSuite_Login/Amazon_TestSuite_Login">
      <properties>
         <property name="deviceName" value=""/>
         <property name="devicePlatform" value=""/>
         <property name="logFolder" value="C:\\Users\\dilna\\git\\Katalon-Software-Automation-Testing\\Reports\\20240211_140618\\Amazon_TestSuite_Login\\Amazon_TestSuite_Login\\20240211_140626"/>
         <property name="logFiles" value="C:\\Users\\dilna\\git\\Katalon-Software-Automation-Testing\\Reports\\20240211_140618\\Amazon_TestSuite_Login\\Amazon_TestSuite_Login\\20240211_140626\\execution0.log"/>
         <property name="attachments" value=""/>
         <property name="hostName" value="dilna - LAPTOP-TOP92MPD"/>
         <property name="os" value="Windows 11 64bit"/>
         <property name="katalonVersion" value="9.3.0.212"/>
         <property name="browser" value="Chrome 121.0.0.0"/>
         <property name="hostAddress" value="192.168.36.83"/>
         <property name="sessionId" value="bad1fc03a8cbf27e94e304feafb90cda"/>
         <property name="seleniumVersion" value="3.141.59"/>
         <property name="proxyInformation" value="ProxyInformation { proxyOption=NO_PROXY, proxyServerType=HTTP, username=, password=********, proxyServerAddress=, proxyServerPort=0, executionList=&quot;&quot;, isApplyToDesiredCapabilities=true }"/>
         <property name="platform" value="Windows 11"/>
      </properties>
      <testcase name="Test Cases/Amazon/TC_Amazon_Home_Login-001" time="109.461" classname="Test Cases/Amazon/TC_Amazon_Home_Login-001" status="PASSED">
         <system-out><![CDATA[11-02-2024T14:06:32 - [TEST_CASE][PASSED] - Test Cases/Amazon/TC_Amazon_Home_Login-001: Test Cases/Amazon/TC_Amazon_Home_Login-001

11-02-2024T14:06:32 - [TEST_STEP][PASSED] - Start listener action : sampleBeforeTestCase: Navigate to 'https://www.amazon.in/' successfully

11-02-2024T14:06:32 - [TEST_STEP][PASSED] - openBrowser(""): Browser is opened with url: ''

11-02-2024T14:06:33 - [MESSAGE][INFO] - Starting 'Chrome' driver

11-02-2024T14:06:33 - [MESSAGE][INFO] - Action delay is set to 0 milliseconds

11-02-2024T14:06:37 - [MESSAGE][PASSED] - Browser is opened with url: ''

11-02-2024T14:06:37 - [TEST_STEP][PASSED] - navigateToUrl("https://www.amazon.in/"): Navigate to 'https://www.amazon.in/' successfully

11-02-2024T14:06:38 - [MESSAGE][PASSED] - Navigate to 'https://www.amazon.in/' successfully

11-02-2024T14:06:38 - [TEST_STEP][PASSED] - openBrowser(""): Browser is opened with url: ''

11-02-2024T14:06:38 - [MESSAGE][WARNING] - A browser is already opened. Closing browser and opening a new one

11-02-2024T14:06:39 - [MESSAGE][INFO] - Starting 'Chrome' driver

11-02-2024T14:06:39 - [MESSAGE][INFO] - Action delay is set to 0 milliseconds

11-02-2024T14:06:40 - [MESSAGE][PASSED] - Browser is opened with url: ''

11-02-2024T14:06:40 - [TEST_STEP][PASSED] - navigateToUrl("https://www.amazon.in/"): Navigate to 'https://www.amazon.in/' successfully

11-02-2024T14:06:41 - [MESSAGE][PASSED] - Navigate to 'https://www.amazon.in/' successfully

11-02-2024T14:06:41 - [TEST_STEP][PASSED] - click(findTestObject("Object Repository/Amazon_OR/Page_Online Shopping site in India Shop Onl_10c5f3/span_Hello, sign in")): Object: 'Object Repository/Amazon_OR/Page_Online Shopping site in India Shop Onl_10c5f3/span_Hello, sign in' is clicked on

11-02-2024T14:06:43 - [MESSAGE][PASSED] - Object: 'Object Repository/Amazon_OR/Page_Online Shopping site in India Shop Onl_10c5f3/span_Hello, sign in' is clicked on

11-02-2024T14:06:43 - [TEST_STEP][PASSED] - setText(findTestObject("Object Repository/Amazon_OR/Page_Amazon Sign In/input_email"), username): Text '8240029491' is set on object 'Object Repository/Amazon_OR/Page_Amazon Sign In/input_email'

11-02-2024T14:06:45 - [MESSAGE][PASSED] - Text '8240029491' is set on object 'Object Repository/Amazon_OR/Page_Amazon Sign In/input_email'

11-02-2024T14:06:45 - [TEST_STEP][PASSED] - click(findTestObject("Amazon_OR/Page_Amazon Sign In/input_email")): Object: 'Object Repository/Amazon_OR/Page_Amazon Sign In/input_email' is clicked on

11-02-2024T14:06:46 - [MESSAGE][PASSED] - Object: 'Object Repository/Amazon_OR/Page_Amazon Sign In/input_email' is clicked on

11-02-2024T14:06:46 - [TEST_STEP][PASSED] - setText(findTestObject("Object Repository/Amazon_OR/Page_Amazon Sign In/input_password"), Password): Text 'Saifkhan@12' is set on object 'Object Repository/Amazon_OR/Page_Amazon Sign In/input_password'

11-02-2024T14:07:17 - [MESSAGE][INFO] - Unable to find the element located by 'By.xpath: //input[@id='ap_password']'. Please recheck the objects properties to make sure the desired element is located. 

11-02-2024T14:07:17 - [MESSAGE][WARNING] - [SELF-HEALING] Failed to find element with id 'Object Repository/Amazon_OR/Page_Amazon Sign In/input_password'. Try using Self-healing.

11-02-2024T14:07:17 - [MESSAGE][WARNING] - [SELF-HEALING] The current locator of test object 'Object Repository/Amazon_OR/Page_Amazon Sign In/input_password' was broken. Propose an alternative one: '//div/div/input'.

11-02-2024T14:07:48 - [MESSAGE][INFO] - Unable to find the element located by 'By.xpath: //input[@id='ap_password']'. Please recheck the objects properties to make sure the desired element is located. 

11-02-2024T14:07:48 - [MESSAGE][WARNING] - [SELF-HEALING] Failed to find element with id 'Object Repository/Amazon_OR/Page_Amazon Sign In/input_password'. Try using Self-healing.

11-02-2024T14:07:48 - [MESSAGE][WARNING] - [SELF-HEALING] The current locator of test object 'Object Repository/Amazon_OR/Page_Amazon Sign In/input_password' was broken. Propose an alternative one: '//div/div/input'.

11-02-2024T14:07:48 - [MESSAGE][PASSED] - Text 'Saifkhan@12' is set on object 'Object Repository/Amazon_OR/Page_Amazon Sign In/input_password'

11-02-2024T14:07:48 - [TEST_STEP][PASSED] - click(findTestObject("Object Repository/Amazon_OR/Page_Amazon Sign In/inputsignInSubmit")): Object: 'Object Repository/Amazon_OR/Page_Amazon Sign In/inputsignInSubmit' is clicked on

11-02-2024T14:08:20 - [MESSAGE][INFO] - Unable to find the element located by 'By.xpath: //input[@id='signInSubmit']'. Please recheck the objects properties to make sure the desired element is located. 

11-02-2024T14:08:20 - [MESSAGE][WARNING] - [SELF-HEALING] Failed to find element with id 'Object Repository/Amazon_OR/Page_Amazon Sign In/inputsignInSubmit'. Try using Self-healing.

11-02-2024T14:08:20 - [MESSAGE][WARNING] - [SELF-HEALING] The current locator of test object 'Object Repository/Amazon_OR/Page_Amazon Sign In/inputsignInSubmit' was broken. Propose an alternative one: '//span/input'.

11-02-2024T14:08:21 - [MESSAGE][PASSED] - Object: 'Object Repository/Amazon_OR/Page_Amazon Sign In/inputsignInSubmit' is clicked on

11-02-2024T14:08:21 - [TEST_STEP][PASSED] - verifyCheckpoint(findCheckpoint("Checkpoints/Amazon_Login/Amazon_Login"), false): Checkpoint data and Source data are matched

11-02-2024T14:08:21 - [MESSAGE][PASSED] - Checkpoint data and Source data are matched

11-02-2024T14:08:21 - [TEST_STEP][PASSED] - closeBrowser(): Browser is closed

11-02-2024T14:08:21 - [MESSAGE][PASSED] - Browser is closed

11-02-2024T14:08:21 - [TEST_STEP][PASSED] - Start listener action : sampleAfterTestCase: Browser is closed

11-02-2024T14:08:21 - [TEST_STEP][PASSED] - closeBrowser(): Browser is closed

11-02-2024T14:08:21 - [MESSAGE][PASSED] - Browser is closed]]></system-out>
         <system-err><![CDATA[]]></system-err>
      </testcase>
      <system-out><![CDATA[11-02-2024T14:06:32 - [TEST_SUITE][PASSED] - Amazon_TestSuite_Login: Test Cases/Amazon/TC_Amazon_Home_Login-001]]></system-out>
      <system-err><![CDATA[]]></system-err>
   </testsuite>
</testsuites>
