<?xml version="1.0" encoding="UTF-8"?>
<testsuites name="Amazon_TestSuite_Login" time="19.954" tests="1" failures="0" errors="0">
   <testsuite name="Amazon_TestSuite_Login" tests="1" failures="0" errors="0" time="19.954" skipped="0" timestamp="08-02-2024T14:41:56" hostname="dilna - LAPTOP-TOP92MPD" id="Test Suites/Amazon_TestSuite_Login/Amazon_TestSuite_Login">
      <properties>
         <property name="deviceName" value=""/>
         <property name="devicePlatform" value=""/>
         <property name="logFolder" value="C:\\Users\\dilna\\git\\Katalon-Software-Automation-Testing\\Reports\\20240208_144151\\Amazon_TestSuite_Login\\Amazon_TestSuite_Login\\20240208_144151"/>
         <property name="logFiles" value="C:\\Users\\dilna\\git\\Katalon-Software-Automation-Testing\\Reports\\20240208_144151\\Amazon_TestSuite_Login\\Amazon_TestSuite_Login\\20240208_144151\\execution0.log"/>
         <property name="attachments" value=""/>
         <property name="hostName" value="dilna - LAPTOP-TOP92MPD"/>
         <property name="os" value="Windows 11 64bit"/>
         <property name="katalonVersion" value="9.2.0.212"/>
         <property name="browser" value="Chrome 121.0.0.0"/>
         <property name="hostAddress" value="192.168.91.83"/>
         <property name="sessionId" value="b0c78d209731a0bcfcc0e3f5c167f275"/>
         <property name="seleniumVersion" value="3.141.59"/>
         <property name="proxyInformation" value="ProxyInformation { proxyOption=NO_PROXY, proxyServerType=HTTP, username=, password=********, proxyServerAddress=, proxyServerPort=0, executionList=&quot;&quot;, isApplyToDesiredCapabilities=true }"/>
         <property name="platform" value="Windows 11"/>
      </properties>
      <testcase name="Test Cases/Amazon/TC_Amazon_Home_Login-001" time="19.687" classname="Test Cases/Amazon/TC_Amazon_Home_Login-001" status="PASSED">
         <system-out><![CDATA[08-02-2024T14:41:56 - [TEST_CASE][PASSED] - Test Cases/Amazon/TC_Amazon_Home_Login-001: Test Cases/Amazon/TC_Amazon_Home_Login-001

08-02-2024T14:41:57 - [TEST_STEP][PASSED] - openBrowser(""): Browser is opened with url: ''

08-02-2024T14:41:57 - [MESSAGE][INFO] - Starting 'Chrome' driver

08-02-2024T14:41:57 - [MESSAGE][INFO] - Action delay is set to 0 milliseconds

08-02-2024T14:41:59 - [MESSAGE][PASSED] - Browser is opened with url: ''

08-02-2024T14:41:59 - [TEST_STEP][PASSED] - navigateToUrl("https://www.amazon.in/"): Navigate to 'https://www.amazon.in/' successfully

08-02-2024T14:42:03 - [MESSAGE][PASSED] - Navigate to 'https://www.amazon.in/' successfully

08-02-2024T14:42:03 - [TEST_STEP][PASSED] - click(findTestObject("Object Repository/Amazon_OR/Page_Online Shopping site in India Shop Onl_10c5f3/span_Hello, sign in")): Object: 'Object Repository/Amazon_OR/Page_Online Shopping site in India Shop Onl_10c5f3/span_Hello, sign in' is clicked on

08-02-2024T14:42:06 - [MESSAGE][PASSED] - Object: 'Object Repository/Amazon_OR/Page_Online Shopping site in India Shop Onl_10c5f3/span_Hello, sign in' is clicked on

08-02-2024T14:42:06 - [TEST_STEP][PASSED] - setText(findTestObject("Object Repository/Amazon_OR/Page_Amazon Sign In/input_email"), username): Text '8240029491' is set on object 'Object Repository/Amazon_OR/Page_Amazon Sign In/input_email'

08-02-2024T14:42:08 - [MESSAGE][PASSED] - Text '8240029491' is set on object 'Object Repository/Amazon_OR/Page_Amazon Sign In/input_email'

08-02-2024T14:42:08 - [TEST_STEP][PASSED] - click(findTestObject("Amazon_OR/Page_Amazon Sign In/input_email")): Object: 'Object Repository/Amazon_OR/Page_Amazon Sign In/input_email' is clicked on

08-02-2024T14:42:09 - [MESSAGE][PASSED] - Object: 'Object Repository/Amazon_OR/Page_Amazon Sign In/input_email' is clicked on

08-02-2024T14:42:09 - [TEST_STEP][PASSED] - setText(findTestObject("Object Repository/Amazon_OR/Page_Amazon Sign In/input_password"), Password): Text 'SaifKhan@12' is set on object 'Object Repository/Amazon_OR/Page_Amazon Sign In/input_password'

08-02-2024T14:42:15 - [MESSAGE][PASSED] - Text 'SaifKhan@12' is set on object 'Object Repository/Amazon_OR/Page_Amazon Sign In/input_password'

08-02-2024T14:42:15 - [TEST_STEP][PASSED] - click(findTestObject("Object Repository/Amazon_OR/Page_Amazon Sign In/inputsignInSubmit")): Object: 'Object Repository/Amazon_OR/Page_Amazon Sign In/inputsignInSubmit' is clicked on

08-02-2024T14:42:16 - [MESSAGE][PASSED] - Object: 'Object Repository/Amazon_OR/Page_Amazon Sign In/inputsignInSubmit' is clicked on

08-02-2024T14:42:16 - [TEST_STEP][PASSED] - closeBrowser(): Browser is closed

08-02-2024T14:42:16 - [MESSAGE][PASSED] - Browser is closed]]></system-out>
         <system-err><![CDATA[]]></system-err>
      </testcase>
      <system-out><![CDATA[08-02-2024T14:41:56 - [TEST_SUITE][PASSED] - Amazon_TestSuite_Login: Test Cases/Amazon/TC_Amazon_Home_Login-001]]></system-out>
      <system-err><![CDATA[]]></system-err>
   </testsuite>
</testsuites>
