<?xml version="1.0" encoding="UTF-8"?>
<testsuites name="Amazon_TestSuite_Search_Items" time="147.655" tests="1" failures="0" errors="0">
   <testsuite name="Amazon_TestSuite_Search_Items" tests="1" failures="0" errors="0" time="147.655" skipped="0" timestamp="11-02-2024T14:31:34" hostname="dilna - LAPTOP-TOP92MPD" id="Test Suites/Amazon_TestSuite_Search_Items/Amazon_TestSuite_Search_Items">
      <properties>
         <property name="deviceName" value=""/>
         <property name="devicePlatform" value=""/>
         <property name="logFolder" value="C:\\Users\\dilna\\git\\Katalon-Software-Automation-Testing\\Reports\\20240211_143129\\Amazon_TestSuite_Search_Items\\Amazon_TestSuite_Search_Items\\20240211_143129"/>
         <property name="logFiles" value="C:\\Users\\dilna\\git\\Katalon-Software-Automation-Testing\\Reports\\20240211_143129\\Amazon_TestSuite_Search_Items\\Amazon_TestSuite_Search_Items\\20240211_143129\\execution0.log"/>
         <property name="attachments" value=""/>
         <property name="hostName" value="dilna - LAPTOP-TOP92MPD"/>
         <property name="os" value="Windows 11 64bit"/>
         <property name="katalonVersion" value="9.2.0.212"/>
         <property name="browser" value="Chrome 121.0.0.0"/>
         <property name="hostAddress" value="192.168.36.83"/>
         <property name="sessionId" value="1b02b25eb8fe1aa678271f6e438939e2"/>
         <property name="seleniumVersion" value="3.141.59"/>
         <property name="proxyInformation" value="ProxyInformation { proxyOption=NO_PROXY, proxyServerType=HTTP, username=, password=********, proxyServerAddress=, proxyServerPort=0, executionList=&quot;&quot;, isApplyToDesiredCapabilities=true }"/>
         <property name="platform" value="Windows 11"/>
      </properties>
      <testcase name="Test Cases/Amazon/TC_Amazon_Home_Search_Items_003" time="147.258" classname="Test Cases/Amazon/TC_Amazon_Home_Search_Items_003" status="PASSED">
         <system-out><![CDATA[11-02-2024T14:31:34 - [TEST_CASE][PASSED] - Test Cases/Amazon/TC_Amazon_Home_Search_Items_003: Test Cases/Amazon/TC_Amazon_Home_Search_Items_003

11-02-2024T14:31:34 - [TEST_STEP][PASSED] - Start listener action : sampleBeforeTestCase: Navigate to 'https://www.amazon.in/' successfully

11-02-2024T14:31:34 - [TEST_STEP][PASSED] - openBrowser(""): Browser is opened with url: ''

11-02-2024T14:31:34 - [MESSAGE][INFO] - Starting 'Chrome' driver

11-02-2024T14:31:35 - [MESSAGE][INFO] - Action delay is set to 0 milliseconds

11-02-2024T14:31:36 - [MESSAGE][PASSED] - Browser is opened with url: ''

11-02-2024T14:31:36 - [TEST_STEP][PASSED] - navigateToUrl("https://www.amazon.in/"): Navigate to 'https://www.amazon.in/' successfully

11-02-2024T14:31:38 - [MESSAGE][PASSED] - Navigate to 'https://www.amazon.in/' successfully

11-02-2024T14:31:38 - [TEST_STEP][PASSED] - openBrowser(""): Browser is opened with url: ''

11-02-2024T14:31:38 - [MESSAGE][WARNING] - A browser is already opened. Closing browser and opening a new one

11-02-2024T14:31:38 - [MESSAGE][INFO] - Starting 'Chrome' driver

11-02-2024T14:31:38 - [MESSAGE][INFO] - Action delay is set to 0 milliseconds

11-02-2024T14:31:39 - [MESSAGE][PASSED] - Browser is opened with url: ''

11-02-2024T14:31:39 - [TEST_STEP][PASSED] - navigateToUrl("https://www.amazon.in/"): Navigate to 'https://www.amazon.in/' successfully

11-02-2024T14:31:41 - [MESSAGE][PASSED] - Navigate to 'https://www.amazon.in/' successfully

11-02-2024T14:31:41 - [TEST_STEP][PASSED] - click(findTestObject("Object Repository/Page_Online Shopping site in India Shop Onl_10c5f3/span_Hello, sign in")): Object: 'Object Repository/Page_Online Shopping site in India Shop Onl_10c5f3/span_Hello, sign in' is clicked on

11-02-2024T14:32:12 - [MESSAGE][INFO] - Unable to find the element located by 'By.xpath: '. Please recheck the objects properties to make sure the desired element is located. 

11-02-2024T14:32:12 - [MESSAGE][WARNING] - [SELF-HEALING] Failed to find element with id 'Object Repository/Page_Online Shopping site in India Shop Onl_10c5f3/span_Hello, sign in'. Try using Self-healing.

11-02-2024T14:32:12 - [MESSAGE][WARNING] - [SELF-HEALING] The current locator of test object 'Object Repository/Page_Online Shopping site in India Shop Onl_10c5f3/span_Hello, sign in' was broken. Propose an alternative one: '//span[@id='nav-link-accountList-nav-line-1']'.

11-02-2024T14:32:13 - [MESSAGE][PASSED] - Object: 'Object Repository/Page_Online Shopping site in India Shop Onl_10c5f3/span_Hello, sign in' is clicked on

11-02-2024T14:32:13 - [TEST_STEP][PASSED] - setText(findTestObject("Object Repository/Page_Amazon Sign In/input_email"), "8240029491"): Text '8240029491' is set on object 'Object Repository/Page_Amazon Sign In/input_email'

11-02-2024T14:32:44 - [MESSAGE][INFO] - Unable to find the element located by 'By.xpath: '. Please recheck the objects properties to make sure the desired element is located. 

11-02-2024T14:32:44 - [MESSAGE][WARNING] - [SELF-HEALING] Failed to find element with id 'Object Repository/Page_Amazon Sign In/input_email'. Try using Self-healing.

11-02-2024T14:32:45 - [MESSAGE][WARNING] - [SELF-HEALING] The current locator of test object 'Object Repository/Page_Amazon Sign In/input_email' was broken. Propose an alternative one: '//input[@id='ap_email']'.

11-02-2024T14:33:16 - [MESSAGE][INFO] - Unable to find the element located by 'By.xpath: '. Please recheck the objects properties to make sure the desired element is located. 

11-02-2024T14:33:16 - [MESSAGE][WARNING] - [SELF-HEALING] Failed to find element with id 'Object Repository/Page_Amazon Sign In/input_email'. Try using Self-healing.

11-02-2024T14:33:16 - [MESSAGE][WARNING] - [SELF-HEALING] The current locator of test object 'Object Repository/Page_Amazon Sign In/input_email' was broken. Propose an alternative one: '//input[@id='ap_email']'.

11-02-2024T14:33:16 - [MESSAGE][PASSED] - Text '8240029491' is set on object 'Object Repository/Page_Amazon Sign In/input_email'

11-02-2024T14:33:16 - [TEST_STEP][PASSED] - click(findTestObject("Object Repository/Page_Amazon Sign In/inputcontinue")): Object: 'Object Repository/Page_Amazon Sign In/inputcontinue' is clicked on

11-02-2024T14:33:17 - [MESSAGE][PASSED] - Object: 'Object Repository/Page_Amazon Sign In/inputcontinue' is clicked on

11-02-2024T14:33:17 - [TEST_STEP][PASSED] - setEncryptedText(findTestObject("Object Repository/Page_Amazon Sign In/input_password"), "5/jcUxQCiK4EYWKojWkF+g=="): Text ****** has been set on object 'Object Repository/Page_Amazon Sign In/input_password'

11-02-2024T14:33:49 - [MESSAGE][INFO] - Unable to find the element located by 'By.xpath: '. Please recheck the objects properties to make sure the desired element is located. 

11-02-2024T14:33:49 - [MESSAGE][WARNING] - [SELF-HEALING] Failed to find element with id 'Object Repository/Page_Amazon Sign In/input_password'. Try using Self-healing.

11-02-2024T14:33:49 - [MESSAGE][WARNING] - [SELF-HEALING] The current locator of test object 'Object Repository/Page_Amazon Sign In/input_password' was broken. Propose an alternative one: '//input[@id='ap_password']'.

11-02-2024T14:33:49 - [MESSAGE][PASSED] - Text ****** has been set on object 'Object Repository/Page_Amazon Sign In/input_password'

11-02-2024T14:33:49 - [TEST_STEP][PASSED] - click(findTestObject("Object Repository/Page_Amazon Sign In/inputsignInSubmit")): Object: 'Object Repository/Page_Amazon Sign In/inputsignInSubmit' is clicked on

11-02-2024T14:33:49 - [MESSAGE][PASSED] - Object: 'Object Repository/Page_Amazon Sign In/inputsignInSubmit' is clicked on

11-02-2024T14:33:49 - [TEST_STEP][PASSED] - selectOptionByValue(findTestObject("Object Repository/Page_Online Shopping site in India Shop Onl_10c5f3/select_All Categories        Alexa Skills  _a62561"), "search-alias=stripbooks", true): All options with value 'search-alias=stripbooks' are selected in object 'Object Repository/Page_Online Shopping site in India Shop Onl_10c5f3/select_All Categories        Alexa Skills  _a62561'  using regular expression

11-02-2024T14:33:56 - [MESSAGE][PASSED] - All options with value 'search-alias=stripbooks' are selected in object 'Object Repository/Page_Online Shopping site in India Shop Onl_10c5f3/select_All Categories        Alexa Skills  _a62561'  using regular expression

11-02-2024T14:33:56 - [TEST_STEP][PASSED] - setText(findTestObject("Object Repository/Page_Online Shopping site in India Shop Onl_10c5f3/input_field-keywords"), "will"): Text 'will' is set on object 'Object Repository/Page_Online Shopping site in India Shop Onl_10c5f3/input_field-keywords'

11-02-2024T14:33:57 - [MESSAGE][PASSED] - Text 'will' is set on object 'Object Repository/Page_Online Shopping site in India Shop Onl_10c5f3/input_field-keywords'

11-02-2024T14:33:57 - [TEST_STEP][PASSED] - click(findTestObject("Object Repository/Page_Online Shopping site in India Shop Onl_10c5f3/span_iam shakespeare books")): Object: 'Object Repository/Page_Online Shopping site in India Shop Onl_10c5f3/span_iam shakespeare books' is clicked on

11-02-2024T14:34:01 - [MESSAGE][PASSED] - Object: 'Object Repository/Page_Online Shopping site in India Shop Onl_10c5f3/span_iam shakespeare books' is clicked on

11-02-2024T14:34:01 - [TEST_STEP][PASSED] - switchToWindowTitle("Amazon.in : william shakespeare books"): Switched to window with title: 'Amazon.in : william shakespeare books'

11-02-2024T14:34:01 - [MESSAGE][PASSED] - Switched to window with title: 'Amazon.in : william shakespeare books'

11-02-2024T14:34:01 - [TEST_STEP][PASSED] - closeBrowser(): Browser is closed

11-02-2024T14:34:01 - [MESSAGE][PASSED] - Browser is closed

11-02-2024T14:34:01 - [TEST_STEP][PASSED] - Start listener action : sampleAfterTestCase: Browser is closed

11-02-2024T14:34:01 - [TEST_STEP][PASSED] - closeBrowser(): Browser is closed

11-02-2024T14:34:01 - [MESSAGE][PASSED] - Browser is closed]]></system-out>
         <system-err><![CDATA[]]></system-err>
      </testcase>
      <system-out><![CDATA[11-02-2024T14:31:34 - [TEST_SUITE][PASSED] - Amazon_TestSuite_Search_Items: Test Cases/Amazon/TC_Amazon_Home_Search_Items_003]]></system-out>
      <system-err><![CDATA[]]></system-err>
   </testsuite>
</testsuites>
